<?xml version="1.0" encoding="UTF-8" ?>
<testsuite errors="1" failures="0" hostname="rk" name="de.devops.camp.HelloWorldBuilderTest" skipped="0" tests="1" time="0.0" timestamp="2017-05-05T13:02:39">
  <properties>
[...]
</properties>
  <error message="de.devops.camp.HelloWorldBuilderTest" type="java.lang.ClassNotFoundException">java.lang.ClassNotFoundException: de.devops.camp.HelloWorldBuilderTest
	at java.lang.ClassLoader.loadClass(ClassLoader.java:357)
	at java.lang.Class.forName0(Native Method)
	at java.lang.Class.forName(Class.java:348)
	at org.eclipse.ant.internal.launching.remote.EclipseDefaultExecutor.executeTargets(EclipseDefaultExecutor.java:36)
	at org.eclipse.ant.internal.launching.remote.InternalAntRunner.run(InternalAntRunner.java:456)
	at org.eclipse.ant.internal.launching.remote.InternalAntRunner.main(InternalAntRunner.java:140)
</error>
  <system-out><![CDATA[]]></system-out>
  <system-err><![CDATA[]]></system-err>
</testsuite>
